<?xml version="1.0" encoding="UTF-8"?>
<!-- Generated by org.testng.reporters.JUnitReportReporter -->
<testsuite hostname="NATARAJAN" failures="0" tests="1" name="TestNG.GmailDataExecutor" time="24.075" errors="0" timestamp="2020-11-02T08:49:31 SGT" skipped="0">
  <testcase classname="TestNG.GmailDataExecutor" name="test2" time="24.075"/>
  <system-out/>
</testsuite> <!-- TestNG.GmailDataExecutor -->
