<?xml version="1.0" encoding="UTF-8"?>
<!-- Generated by org.testng.reporters.JUnitReportReporter -->
<testsuite hostname="NATARAJAN" failures="0" tests="1" name="TestNG.AdactinDataExecutor" time="9.742" errors="0" timestamp="2020-11-02T09:00:34 SGT" skipped="0">
  <testcase classname="TestNG.AdactinDataExecutor" name="test2" time="9.742"/>
  <system-out/>
</testsuite> <!-- TestNG.AdactinDataExecutor -->
