<?xml version="1.0" encoding="UTF-8"?>
<!-- Generated by org.testng.reporters.JUnitReportReporter -->
<testsuite hostname="NATARAJAN" failures="0" tests="1" name="TestNG.FacebookExcelExecutor" time="0.000" errors="0" timestamp="2020-11-03T20:14:59 SGT" skipped="1">
  <testcase classname="TestNG.FacebookExcelExecutor" name="test" time="0.000">
    <skipped/>
  </testcase> <!-- test -->
  <system-out/>
</testsuite> <!-- TestNG.FacebookExcelExecutor -->
