<?xml version="1.0" encoding="UTF-8"?>
<!-- Generated by org.testng.reporters.JUnitReportReporter -->
<testsuite hostname="NATARAJAN" failures="0" tests="2" name="TestNG.Flipkart$Facebook" time="0.505" errors="0" timestamp="2020-10-24T10:17:16 SGT" skipped="0">
  <testcase classname="TestNG.Flipkart$Facebook" name="test2" time="0.012"/>
  <system-out/>
  <testcase classname="TestNG.Flipkart$Facebook" name="test1" time="0.493"/>
  <system-out/>
</testsuite> <!-- TestNG.Flipkart$Facebook -->
