<?xml version="1.0" encoding="UTF-8"?>
<!-- Generated by org.testng.reporters.JUnitReportReporter -->
<testsuite hostname="NATARAJAN" failures="0" tests="2" name="TestNG.Facebook" time="1.120" errors="0" timestamp="2020-10-24T10:11:50 SGT" skipped="0">
  <testcase classname="TestNG.Facebook" name="test2" time="0.012"/>
  <system-out/>
  <testcase classname="TestNG.Facebook" name="test1" time="1.108"/>
  <system-out/>
</testsuite> <!-- TestNG.Facebook -->
